
  .   ____          _            __ _ _
 /\\ / ___'_ __ _ _(_)_ __  __ _ \ \ \ \
( ( )\___ | '_ | '_| | '_ \/ _` | \ \ \ \
 \\/  ___)| |_)| | | | | || (_| |  ) ) ) )
  '  |____| .__|_| |_|_| |_\__, | / / / /
 =========|_|==============|___/=/_/_/_/
 :: Spring Boot ::                (v3.2.1)

2025-06-06T17:34:34.684Z  INFO 1 --- [CONFIG-SERVER] [           main] o.h.c.ConfigServerApplication            : Starting ConfigServerApplication using Java 21.0.7 with PID 1 (/app/app.jar started by root in /app)
2025-06-06T17:34:34.690Z  INFO 1 --- [CONFIG-SERVER] [           main] o.h.c.ConfigServerApplication            : No active profile set, falling back to 1 default profile: "default"
2025-06-06T17:34:36.339Z  INFO 1 --- [CONFIG-SERVER] [           main] o.s.cloud.context.scope.GenericScope     : BeanFactory id=b850250b-5515-3bb3-92a1-522a0bd6bb0f
2025-06-06T17:34:36.388Z  WARN 1 --- [CONFIG-SERVER] [           main] trationDelegate$BeanPostProcessorChecker : Bean 'org.springframework.cloud.client.loadbalancer.LoadBalancerAutoConfiguration$LoadBalancerInterceptorConfig' of type [org.springframework.cloud.client.loadbalancer.LoadBalancerAutoConfiguration$LoadBalancerInterceptorConfig] is not eligible for getting processed by all BeanPostProcessors (for example: not eligible for auto-proxying). The currently created BeanPostProcessor [lbRestClientPostProcessor] is declared through a non-static factory method on that class; consider declaring it as static instead.
2025-06-06T17:34:36.390Z  WARN 1 --- [CONFIG-SERVER] [           main] trationDelegate$BeanPostProcessorChecker : Bean 'org.springframework.cloud.loadbalancer.config.BlockingLoadBalancerClientAutoConfiguration' of type [org.springframework.cloud.loadbalancer.config.BlockingLoadBalancerClientAutoConfiguration] is not eligible for getting processed by all BeanPostProcessors (for example: not eligible for auto-proxying). Is this bean getting eagerly injected into a currently created BeanPostProcessor [lbRestClientPostProcessor]? Check the corresponding BeanPostProcessor declaration and its dependencies.
2025-06-06T17:34:36.392Z  WARN 1 --- [CONFIG-SERVER] [           main] trationDelegate$BeanPostProcessorChecker : Bean 'org.springframework.cloud.loadbalancer.config.LoadBalancerAutoConfiguration' of type [org.springframework.cloud.loadbalancer.config.LoadBalancerAutoConfiguration] is not eligible for getting processed by all BeanPostProcessors (for example: not eligible for auto-proxying). Is this bean getting eagerly injected into a currently created BeanPostProcessor [lbRestClientPostProcessor]? Check the corresponding BeanPostProcessor declaration and its dependencies.
2025-06-06T17:34:36.396Z  WARN 1 --- [CONFIG-SERVER] [           main] trationDelegate$BeanPostProcessorChecker : Bean 'org.springframework.cloud.commons.config.CommonsConfigAutoConfiguration' of type [org.springframework.cloud.commons.config.CommonsConfigAutoConfiguration] is not eligible for getting processed by all BeanPostProcessors (for example: not eligible for auto-proxying). Is this bean getting eagerly injected into a currently created BeanPostProcessor [lbRestClientPostProcessor]? Check the corresponding BeanPostProcessor declaration and its dependencies.
2025-06-06T17:34:36.397Z  WARN 1 --- [CONFIG-SERVER] [           main] trationDelegate$BeanPostProcessorChecker : Bean 'org.springframework.cloud.client.loadbalancer.LoadBalancerDefaultMappingsProviderAutoConfiguration' of type [org.springframework.cloud.client.loadbalancer.LoadBalancerDefaultMappingsProviderAutoConfiguration] is not eligible for getting processed by all BeanPostProcessors (for example: not eligible for auto-proxying). Is this bean getting eagerly injected into a currently created BeanPostProcessor [lbRestClientPostProcessor]? Check the corresponding BeanPostProcessor declaration and its dependencies.
2025-06-06T17:34:36.398Z  WARN 1 --- [CONFIG-SERVER] [           main] trationDelegate$BeanPostProcessorChecker : Bean 'loadBalancerClientsDefaultsMappingsProvider' of type [org.springframework.cloud.client.loadbalancer.LoadBalancerDefaultMappingsProviderAutoConfiguration$$Lambda/0x000000f001380798] is not eligible for getting processed by all BeanPostProcessors (for example: not eligible for auto-proxying). Is this bean getting eagerly injected into a currently created BeanPostProcessor [lbRestClientPostProcessor]? Check the corresponding BeanPostProcessor declaration and its dependencies.
2025-06-06T17:34:36.398Z  WARN 1 --- [CONFIG-SERVER] [           main] trationDelegate$BeanPostProcessorChecker : Bean 'defaultsBindHandlerAdvisor' of type [org.springframework.cloud.commons.config.DefaultsBindHandlerAdvisor] is not eligible for getting processed by all BeanPostProcessors (for example: not eligible for auto-proxying). Is this bean getting eagerly injected into a currently created BeanPostProcessor [lbRestClientPostProcessor]? Check the corresponding BeanPostProcessor declaration and its dependencies.
2025-06-06T17:34:36.403Z  WARN 1 --- [CONFIG-SERVER] [           main] trationDelegate$BeanPostProcessorChecker : Bean 'spring.cloud.loadbalancer-org.springframework.cloud.client.loadbalancer.LoadBalancerClientsProperties' of type [org.springframework.cloud.client.loadbalancer.LoadBalancerClientsProperties] is not eligible for getting processed by all BeanPostProcessors (for example: not eligible for auto-proxying). Is this bean getting eagerly injected into a currently created BeanPostProcessor [lbRestClientPostProcessor]? Check the corresponding BeanPostProcessor declaration and its dependencies.
2025-06-06T17:34:36.407Z  WARN 1 --- [CONFIG-SERVER] [           main] trationDelegate$BeanPostProcessorChecker : Bean 'default.org.springframework.cloud.loadbalancer.config.LoadBalancerAutoConfiguration.LoadBalancerClientSpecification' of type [org.springframework.cloud.loadbalancer.annotation.LoadBalancerClientSpecification] is not eligible for getting processed by all BeanPostProcessors (for example: not eligible for auto-proxying). Is this bean getting eagerly injected into a currently created BeanPostProcessor [lbRestClientPostProcessor]? Check the corresponding BeanPostProcessor declaration and its dependencies.
2025-06-06T17:34:36.407Z  WARN 1 --- [CONFIG-SERVER] [           main] trationDelegate$BeanPostProcessorChecker : Bean 'default.org.springframework.cloud.loadbalancer.config.BlockingLoadBalancerClientAutoConfiguration.LoadBalancerClientSpecification' of type [org.springframework.cloud.loadbalancer.annotation.LoadBalancerClientSpecification] is not eligible for getting processed by all BeanPostProcessors (for example: not eligible for auto-proxying). Is this bean getting eagerly injected into a currently created BeanPostProcessor [lbRestClientPostProcessor]? Check the corresponding BeanPostProcessor declaration and its dependencies.
2025-06-06T17:34:36.408Z  WARN 1 --- [CONFIG-SERVER] [           main] trationDelegate$BeanPostProcessorChecker : Bean 'default.org.springframework.cloud.netflix.eureka.loadbalancer.LoadBalancerEurekaAutoConfiguration.LoadBalancerClientSpecification' of type [org.springframework.cloud.loadbalancer.annotation.LoadBalancerClientSpecification] is not eligible for getting processed by all BeanPostProcessors (for example: not eligible for auto-proxying). Is this bean getting eagerly injected into a currently created BeanPostProcessor [lbRestClientPostProcessor]? Check the corresponding BeanPostProcessor declaration and its dependencies.
2025-06-06T17:34:36.409Z  WARN 1 --- [CONFIG-SERVER] [           main] trationDelegate$BeanPostProcessorChecker : Bean 'loadBalancerClientFactory' of type [org.springframework.cloud.loadbalancer.support.LoadBalancerClientFactory] is not eligible for getting processed by all BeanPostProcessors (for example: not eligible for auto-proxying). Is this bean getting eagerly injected into a currently created BeanPostProcessor [lbRestClientPostProcessor]? Check the corresponding BeanPostProcessor declaration and its dependencies.
2025-06-06T17:34:36.410Z  WARN 1 --- [CONFIG-SERVER] [           main] trationDelegate$BeanPostProcessorChecker : Bean 'blockingLoadBalancerClient' of type [org.springframework.cloud.loadbalancer.blocking.client.BlockingLoadBalancerClient] is not eligible for getting processed by all BeanPostProcessors (for example: not eligible for auto-proxying). Is this bean getting eagerly injected into a currently created BeanPostProcessor [lbRestClientPostProcessor]? Check the corresponding BeanPostProcessor declaration and its dependencies.
2025-06-06T17:34:36.415Z  WARN 1 --- [CONFIG-SERVER] [           main] trationDelegate$BeanPostProcessorChecker : Bean 'loadBalancerServiceInstanceCookieTransformer' of type [org.springframework.cloud.loadbalancer.core.LoadBalancerServiceInstanceCookieTransformer] is not eligible for getting processed by all BeanPostProcessors (for example: not eligible for auto-proxying). Is this bean getting eagerly injected into a currently created BeanPostProcessor [lbRestClientPostProcessor]? Check the corresponding BeanPostProcessor declaration and its dependencies.
2025-06-06T17:34:36.415Z  WARN 1 --- [CONFIG-SERVER] [           main] trationDelegate$BeanPostProcessorChecker : Bean 'xForwarderHeadersTransformer' of type [org.springframework.cloud.loadbalancer.blocking.XForwardedHeadersTransformer] is not eligible for getting processed by all BeanPostProcessors (for example: not eligible for auto-proxying). Is this bean getting eagerly injected into a currently created BeanPostProcessor [lbRestClientPostProcessor]? Check the corresponding BeanPostProcessor declaration and its dependencies.
2025-06-06T17:34:36.417Z  WARN 1 --- [CONFIG-SERVER] [           main] trationDelegate$BeanPostProcessorChecker : Bean 'org.springframework.cloud.client.loadbalancer.LoadBalancerAutoConfiguration' of type [org.springframework.cloud.client.loadbalancer.LoadBalancerAutoConfiguration] is not eligible for getting processed by all BeanPostProcessors (for example: not eligible for auto-proxying). Is this bean getting eagerly injected into a currently created BeanPostProcessor [lbRestClientPostProcessor]? Check the corresponding BeanPostProcessor declaration and its dependencies.
2025-06-06T17:34:36.417Z  WARN 1 --- [CONFIG-SERVER] [           main] trationDelegate$BeanPostProcessorChecker : Bean 'loadBalancerRequestFactory' of type [org.springframework.cloud.client.loadbalancer.LoadBalancerRequestFactory] is not eligible for getting processed by all BeanPostProcessors (for example: not eligible for auto-proxying). Is this bean getting eagerly injected into a currently created BeanPostProcessor [lbRestClientPostProcessor]? Check the corresponding BeanPostProcessor declaration and its dependencies.
2025-06-06T17:34:36.418Z  WARN 1 --- [CONFIG-SERVER] [           main] trationDelegate$BeanPostProcessorChecker : Bean 'loadBalancerInterceptor' of type [org.springframework.cloud.client.loadbalancer.LoadBalancerInterceptor] is not eligible for getting processed by all BeanPostProcessors (for example: not eligible for auto-proxying). Is this bean getting eagerly injected into a currently created BeanPostProcessor [lbRestClientPostProcessor]? Check the corresponding BeanPostProcessor declaration and its dependencies.
2025-06-06T17:34:36.662Z  INFO 1 --- [CONFIG-SERVER] [           main] o.s.b.w.embedded.tomcat.TomcatWebServer  : Tomcat initialized with port 8888 (http)
2025-06-06T17:34:36.685Z  INFO 1 --- [CONFIG-SERVER] [           main] o.apache.catalina.core.StandardService   : Starting service [Tomcat]
2025-06-06T17:34:36.686Z  INFO 1 --- [CONFIG-SERVER] [           main] o.apache.catalina.core.StandardEngine    : Starting Servlet engine: [Apache Tomcat/10.1.17]
2025-06-06T17:34:36.727Z  INFO 1 --- [CONFIG-SERVER] [           main] o.a.c.c.C.[Tomcat].[localhost].[/]       : Initializing Spring embedded WebApplicationContext
2025-06-06T17:34:36.728Z  INFO 1 --- [CONFIG-SERVER] [           main] w.s.c.ServletWebServerApplicationContext : Root WebApplicationContext: initialization completed in 1922 ms
2025-06-06T17:34:37.640Z  INFO 1 --- [CONFIG-SERVER] [           main] DiscoveryClientOptionalArgsConfiguration : Eureka HTTP Client uses RestTemplate.
2025-06-06T17:34:42.943Z  WARN 1 --- [CONFIG-SERVER] [           main] iguration$LoadBalancerCaffeineWarnLogger : Spring Cloud LoadBalancer is currently working with the default cache. While this cache implementation is useful for development and tests, it's recommended to use Caffeine cache in production.You can switch to using Caffeine cache, by adding it and org.springframework.cache.caffeine.CaffeineCacheManager to the classpath.
2025-06-06T17:34:42.971Z  INFO 1 --- [CONFIG-SERVER] [           main] o.s.c.n.eureka.InstanceInfoFactory       : Setting initial instance status as: STARTING
2025-06-06T17:34:43.101Z  INFO 1 --- [CONFIG-SERVER] [           main] com.netflix.discovery.DiscoveryClient    : Initializing Eureka in region us-east-1
2025-06-06T17:34:43.106Z  INFO 1 --- [CONFIG-SERVER] [           main] c.n.d.s.r.aws.ConfigClusterResolver      : Resolving eureka endpoints via configuration
2025-06-06T17:34:43.128Z  INFO 1 --- [CONFIG-SERVER] [           main] com.netflix.discovery.DiscoveryClient    : Disable delta property : false
2025-06-06T17:34:43.128Z  INFO 1 --- [CONFIG-SERVER] [           main] com.netflix.discovery.DiscoveryClient    : Single vip registry refresh property : null
2025-06-06T17:34:43.128Z  INFO 1 --- [CONFIG-SERVER] [           main] com.netflix.discovery.DiscoveryClient    : Force full registry fetch : false
2025-06-06T17:34:43.128Z  INFO 1 --- [CONFIG-SERVER] [           main] com.netflix.discovery.DiscoveryClient    : Application is null : false
2025-06-06T17:34:43.128Z  INFO 1 --- [CONFIG-SERVER] [           main] com.netflix.discovery.DiscoveryClient    : Registered Applications size is zero : true
2025-06-06T17:34:43.129Z  INFO 1 --- [CONFIG-SERVER] [           main] com.netflix.discovery.DiscoveryClient    : Application version is -1: true
2025-06-06T17:34:43.129Z  INFO 1 --- [CONFIG-SERVER] [           main] com.netflix.discovery.DiscoveryClient    : Getting all instance registry info from the eureka server
2025-06-06T17:34:44.729Z  INFO 1 --- [CONFIG-SERVER] [           main] com.netflix.discovery.DiscoveryClient    : The response status is 200
2025-06-06T17:34:44.734Z  INFO 1 --- [CONFIG-SERVER] [           main] com.netflix.discovery.DiscoveryClient    : Starting heartbeat executor: renew interval is: 30
2025-06-06T17:34:44.737Z  INFO 1 --- [CONFIG-SERVER] [           main] c.n.discovery.InstanceInfoReplicator     : InstanceInfoReplicator onDemand update allowed rate per min is 4
2025-06-06T17:34:44.746Z  INFO 1 --- [CONFIG-SERVER] [           main] com.netflix.discovery.DiscoveryClient    : Discovery Client initialized at timestamp 1749231284744 with initial instances count: 0
2025-06-06T17:34:44.750Z  INFO 1 --- [CONFIG-SERVER] [           main] o.s.c.n.e.s.EurekaServiceRegistry        : Registering application CONFIG-SERVER with eureka with status UP
2025-06-06T17:34:44.751Z  INFO 1 --- [CONFIG-SERVER] [           main] com.netflix.discovery.DiscoveryClient    : Saw local status change event StatusChangeEvent [timestamp=1749231284751, current=UP, previous=STARTING]
2025-06-06T17:34:44.753Z  INFO 1 --- [CONFIG-SERVER] [nfoReplicator-0] com.netflix.discovery.DiscoveryClient    : DiscoveryClient_CONFIG-SERVER/config-server-7b95975648-shst4:CONFIG-SERVER:8888: registering service...
2025-06-06T17:34:44.792Z  INFO 1 --- [CONFIG-SERVER] [           main] o.s.b.w.embedded.tomcat.TomcatWebServer  : Tomcat started on port 8888 (http) with context path ''
2025-06-06T17:34:44.793Z  INFO 1 --- [CONFIG-SERVER] [           main] .s.c.n.e.s.EurekaAutoServiceRegistration : Updating port to 8888
2025-06-06T17:34:44.820Z  INFO 1 --- [CONFIG-SERVER] [           main] o.h.c.ConfigServerApplication            : Started ConfigServerApplication in 11.007 seconds (process running for 12.288)
2025-06-06T17:34:45.091Z  INFO 1 --- [CONFIG-SERVER] [nfoReplicator-0] com.netflix.discovery.DiscoveryClient    : DiscoveryClient_CONFIG-SERVER/config-server-7b95975648-shst4:CONFIG-SERVER:8888 - registration status: 204
